<?xml version="1.0" encoding="UTF-8" ?>
<testsuite failures="0" time="1.375" errors="0" skipped="0" tests="7" name="org.mule.example.test.HelloSampleTestCase">
  <properties>
    <property name="java.runtime.name" value="Java(TM) SE Runtime Environment"/>
    <property name="sun.boot.library.path" value="C:\Program Files\Java\jre7\bin"/>
    <property name="java.vm.version" value="23.25-b01"/>
    <property name="java.vm.vendor" value="Oracle Corporation"/>
    <property name="java.vendor.url" value="http://java.oracle.com/"/>
    <property name="path.separator" value=";"/>
    <property name="java.vm.name" value="Java HotSpot(TM) 64-Bit Server VM"/>
    <property name="file.encoding.pkg" value="sun.io"/>
    <property name="user.script" value=""/>
    <property name="user.country" value="US"/>
    <property name="sun.java.launcher" value="SUN_STANDARD"/>
    <property name="sun.os.patch.level" value="Service Pack 1"/>
    <property name="java.vm.specification.name" value="Java Virtual Machine Specification"/>
    <property name="user.dir" value="E:\AppCyclopedia\MuleESB\Installation Guide-MuleESB\mule-example\mule-example"/>
    <property name="java.runtime.version" value="1.7.0_25-b17"/>
    <property name="java.awt.graphicsenv" value="sun.awt.Win32GraphicsEnvironment"/>
    <property name="basedir" value="E:\AppCyclopedia\MuleESB\Installation Guide-MuleESB\mule-example\mule-example"/>
    <property name="java.endorsed.dirs" value="C:\Program Files\Java\jre7\lib\endorsed"/>
    <property name="os.arch" value="amd64"/>
    <property name="surefire.real.class.path" value="C:\Users\Uday\AppData\Local\Temp\surefirebooter8221519415669442794.jar"/>
    <property name="java.io.tmpdir" value="C:\Users\Uday\AppData\Local\Temp\"/>
    <property name="line.separator" value="
"/>
    <property name="java.vm.specification.vendor" value="Oracle Corporation"/>
    <property name="user.variant" value=""/>
    <property name="os.name" value="Windows 7"/>
    <property name="sun.jnu.encoding" value="Cp1252"/>
    <property name="java.library.path" value="C:\Program Files\Java\jre7\bin;C:\Windows\Sun\Java\bin;C:\Windows\system32;C:\Windows;C:\Program Files (x86)\Intel\iCLS Client\;C:\Program Files\Intel\iCLS Client\;C:\Windows\system32;C:\Windows;C:\Windows\System32\Wbem;C:\Windows\System32\WindowsPowerShell\v1.0\;C:\Program Files\Intel\Intel(R) Management Engine Components\DAL;C:\Program Files\Intel\Intel(R) Management Engine Components\IPT;C:\Program Files (x86)\Intel\Intel(R) Management Engine Components\DAL;C:\Program Files (x86)\Intel\Intel(R) Management Engine Components\IPT;C:\Program Files (x86)\Intel\OpenCL SDK\2.0\bin\x86;C:\Program Files (x86)\Intel\OpenCL SDK\2.0\bin\x64;C:\Program Files\Lenovo Fingerprint Reader\;C:\Program Files\Lenovo Fingerprint Reader\x86\;C:\Program Files\Intel\WiFi\bin\;C:\Program Files\Common Files\Intel\WirelessCommon\;C:\Program Files\Microsoft\Web Platform Installer\;C:\Program Files (x86)\Microsoft ASP.NET\ASP.NET Web Pages\v1.0\;C:\Program Files\apache-ant-1.9.2\bin;C:\Program Files\gradle-1.6\bin;C:\Program Files (x86)\Microsoft SQL Server\110\Tools\Binn\;C:\Program Files (x86)\Microsoft SQL Server\110\DTS\Binn\;C:\Program Files (x86)\Microsoft SQL Server\110\Tools\Binn\ManagementStudio\;C:\Program Files (x86)\Microsoft Visual Studio 10.0\Common7\IDE\PrivateAssemblies\;C:\Program Files\Java\jdk1.7.0_25\bin;E:\codebase\tools;C:\Program Files (x86)\nodejs\;C:\Ruby187\bin;C:\Users\Uday\AppData\Roaming\npm; ;C:\Ruby187\bin;C:\Users\Uday\AppData\Roaming\npm;D:\Softwares\apache-maven-3.1.1\bin;D:\Softwares\apache-maven-3.1.1\bin;;C:\Program Files (x86)\Git\bin;C:\Program Files (x86)\Git\bin;C:\Program Files\Boot2Docker for Windows;."/>
    <property name="surefire.test.class.path" value="E:\AppCyclopedia\MuleESB\Installation Guide-MuleESB\mule-example\mule-example\target\test-classes;E:\AppCyclopedia\MuleESB\Installation Guide-MuleESB\mule-example\mule-example\target\classes;C:\Users\Uday\.m2\repository\org\mule\mule-core\3.5.0\mule-core-3.5.0.jar;C:\Users\Uday\.m2\repository\commons-beanutils\commons-beanutils\1.8.0\commons-beanutils-1.8.0.jar;C:\Users\Uday\.m2\repository\com\github\stephenc\eaio-uuid\uuid\3.4.0\uuid-3.4.0.jar;C:\Users\Uday\.m2\repository\com\github\stephenc\eaio-grabbag\grabbag\1.8.1\grabbag-1.8.1.jar;C:\Users\Uday\.m2\repository\commons-cli\commons-cli\1.2\commons-cli-1.2.jar;C:\Users\Uday\.m2\repository\commons-collections\commons-collections\3.2.1\commons-collections-3.2.1.jar;C:\Users\Uday\.m2\repository\commons-io\commons-io\1.4\commons-io-1.4.jar;C:\Users\Uday\.m2\repository\commons-lang\commons-lang\2.4\commons-lang-2.4.jar;C:\Users\Uday\.m2\repository\commons-pool\commons-pool\1.6\commons-pool-1.6.jar;C:\Users\Uday\.m2\repository\org\apache\geronimo\specs\geronimo-jta_1.1_spec\1.1.1\geronimo-jta_1.1_spec-1.1.1.jar;C:\Users\Uday\.m2\repository\org\apache\geronimo\specs\geronimo-j2ee-connector_1.5_spec\1.1\geronimo-j2ee-connector_1.5_spec-1.1.jar;C:\Users\Uday\.m2\repository\javax\annotation\jsr250-api\1.0\jsr250-api-1.0.jar;C:\Users\Uday\.m2\repository\org\slf4j\jcl-over-slf4j\1.6.1\jcl-over-slf4j-1.6.1.jar;C:\Users\Uday\.m2\repository\org\slf4j\slf4j-api\1.6.1\slf4j-api-1.6.1.jar;C:\Users\Uday\.m2\repository\org\slf4j\slf4j-log4j12\1.6.1\slf4j-log4j12-1.6.1.jar;C:\Users\Uday\.m2\repository\log4j\log4j\1.2.16\log4j-1.2.16.jar;C:\Users\Uday\.m2\repository\asm\asm\3.1\asm-3.1.jar;C:\Users\Uday\.m2\repository\asm\asm-commons\3.1\asm-commons-3.1.jar;C:\Users\Uday\.m2\repository\asm\asm-tree\3.1\asm-tree-3.1.jar;C:\Users\Uday\.m2\repository\org\mule\mvel\mule-mvel2\2.1.9-MULE-003\mule-mvel2-2.1.9-MULE-003.jar;C:\Users\Uday\.m2\repository\org\jgrapht\jgrapht-jdk1.5\0.7.3\jgrapht-jdk1.5-0.7.3.jar;C:\Users\Uday\.m2\repository\org\mule\common\mule-common\3.5.0\mule-common-3.5.0.jar;C:\Users\Uday\.m2\repository\org\apache\xmlbeans\xmlbeans\2.3.0\xmlbeans-2.3.0.jar;C:\Users\Uday\.m2\repository\javax\xml\stream\stax-api\1.0-2\stax-api-1.0-2.jar;C:\Users\Uday\.m2\repository\org\antlr\antlr-runtime\3.5\antlr-runtime-3.5.jar;C:\Users\Uday\.m2\repository\org\antlr\stringtemplate\3.2.1\stringtemplate-3.2.1.jar;C:\Users\Uday\.m2\repository\com\google\guava\guava\16.0.1\guava-16.0.1.jar;C:\Users\Uday\.m2\repository\org\mule\modules\mule-module-spring-config\3.5.0\mule-module-spring-config-3.5.0.jar;C:\Users\Uday\.m2\repository\org\mule\modules\mule-module-annotations\3.5.0\mule-module-annotations-3.5.0.jar;C:\Users\Uday\.m2\repository\cglib\cglib-nodep\2.2\cglib-nodep-2.2.jar;C:\Users\Uday\.m2\repository\org\springframework\spring-context\3.2.1.RELEASE\spring-context-3.2.1.RELEASE.jar;C:\Users\Uday\.m2\repository\org\springframework\spring-expression\3.2.1.RELEASE\spring-expression-3.2.1.RELEASE.jar;C:\Users\Uday\.m2\repository\org\springframework\spring-core\3.2.1.RELEASE\spring-core-3.2.1.RELEASE.jar;C:\Users\Uday\.m2\repository\dom4j\dom4j\1.6.1\dom4j-1.6.1.jar;C:\Users\Uday\.m2\repository\jaxen\jaxen\1.1.1\jaxen-1.1.1.jar;C:\Users\Uday\.m2\repository\org\mule\modules\mule-module-spring-extras\3.5.0\mule-module-spring-extras-3.5.0.jar;C:\Users\Uday\.m2\repository\org\springframework\spring-aop\3.2.1.RELEASE\spring-aop-3.2.1.RELEASE.jar;C:\Users\Uday\.m2\repository\aopalliance\aopalliance\1.0\aopalliance-1.0.jar;C:\Users\Uday\.m2\repository\org\springframework\spring-jdbc\3.2.1.RELEASE\spring-jdbc-3.2.1.RELEASE.jar;C:\Users\Uday\.m2\repository\org\springframework\spring-tx\3.2.1.RELEASE\spring-tx-3.2.1.RELEASE.jar;C:\Users\Uday\.m2\repository\org\springframework\spring-jms\3.2.1.RELEASE\spring-jms-3.2.1.RELEASE.jar;C:\Users\Uday\.m2\repository\org\springframework\spring-web\3.2.1.RELEASE\spring-web-3.2.1.RELEASE.jar;C:\Users\Uday\.m2\repository\org\mule\modules\mule-module-builders\3.5.0\mule-module-builders-3.5.0.jar;C:\Users\Uday\.m2\repository\org\mule\modules\mule-module-management\3.5.0\mule-module-management-3.5.0.jar;C:\Users\Uday\.m2\repository\mx4j\mx4j-jmx\2.1.1\mx4j-jmx-2.1.1.jar;C:\Users\Uday\.m2\repository\mx4j\mx4j-impl\2.1.1\mx4j-impl-2.1.1.jar;C:\Users\Uday\.m2\repository\mx4j\mx4j-tools\2.1.1\mx4j-tools-2.1.1.jar;C:\Users\Uday\.m2\repository\mx4j\mx4j-remote\2.1.1\mx4j-remote-2.1.1.jar;C:\Users\Uday\.m2\repository\com\yourkit\yjp-controller-api-redist\9.0.8\yjp-controller-api-redist-9.0.8.jar;C:\Users\Uday\.m2\repository\tanukisoft\wrapper\3.2.3\wrapper-3.2.3.jar;C:\Users\Uday\.m2\repository\org\springframework\spring-context-support\3.2.1.RELEASE\spring-context-support-3.2.1.RELEASE.jar;C:\Users\Uday\.m2\repository\org\apache\geronimo\specs\geronimo-jms_1.1_spec\1.1\geronimo-jms_1.1_spec-1.1.jar;C:\Users\Uday\.m2\repository\org\mule\transports\mule-transport-vm\3.5.0\mule-transport-vm-3.5.0.jar;C:\Users\Uday\.m2\repository\org\mule\modules\mule-module-xml\3.5.0\mule-module-xml-3.5.0.jar;C:\Users\Uday\.m2\repository\org\apache\geronimo\specs\geronimo-stax-api_1.0_spec\1.0.1\geronimo-stax-api_1.0_spec-1.0.1.jar;C:\Users\Uday\.m2\repository\commons-jxpath\commons-jxpath\1.3\commons-jxpath-1.3.jar;C:\Users\Uday\.m2\repository\com\thoughtworks\xstream\xstream\1.4.2\xstream-1.4.2.jar;C:\Users\Uday\.m2\repository\xmlpull\xmlpull\1.1.3.1\xmlpull-1.1.3.1.jar;C:\Users\Uday\.m2\repository\xpp3\xpp3_min\1.1.3.4.O\xpp3_min-1.1.3.4.O.jar;C:\Users\Uday\.m2\repository\org\codehaus\woodstox\woodstox-core-asl\4.1.4\woodstox-core-asl-4.1.4.jar;C:\Users\Uday\.m2\repository\org\codehaus\woodstox\stax2-api\3.1.1\stax2-api-3.1.1.jar;C:\Users\Uday\.m2\repository\net\java\dev\stax-utils\stax-utils\20080702\stax-utils-20080702.jar;C:\Users\Uday\.m2\repository\net\sourceforge\saxon\saxon\9.1.0.8\saxon-9.1.0.8.jar;C:\Users\Uday\.m2\repository\net\sourceforge\saxon\saxon\9.1.0.8\saxon-9.1.0.8-dom.jar;C:\Users\Uday\.m2\repository\net\sourceforge\saxon\saxon\9.1.0.8\saxon-9.1.0.8-xqj.jar;C:\Users\Uday\.m2\repository\javax\xml\bind\jaxb-api\2.1\jaxb-api-2.1.jar;C:\Users\Uday\.m2\repository\com\sun\xml\bind\jaxb-impl\2.1.5\jaxb-impl-2.1.5.jar;C:\Users\Uday\.m2\repository\org\mule\transports\mule-transport-http\3.5.0\mule-transport-http-3.5.0.jar;C:\Users\Uday\.m2\repository\org\mule\transports\mule-transport-ssl\3.5.0\mule-transport-ssl-3.5.0.jar;C:\Users\Uday\.m2\repository\org\mule\transports\mule-transport-tcp\3.5.0\mule-transport-tcp-3.5.0.jar;C:\Users\Uday\.m2\repository\commons-codec\commons-codec\1.3\commons-codec-1.3.jar;C:\Users\Uday\.m2\repository\commons-httpclient\commons-httpclient\3.1\commons-httpclient-3.1.jar;C:\Users\Uday\.m2\repository\tomcat\tomcat-util\5.5.23\tomcat-util-5.5.23.jar;C:\Users\Uday\.m2\repository\tomcat\tomcat-apr\5.5.23\tomcat-apr-5.5.23.jar;C:\Users\Uday\.m2\repository\org\samba\jcifs\jcifs\1.3.3\jcifs-1.3.3.jar;C:\Users\Uday\.m2\repository\joda-time\joda-time\1.6\joda-time-1.6.jar;C:\Users\Uday\.m2\repository\junit\junit\4.9\junit-4.9.jar;C:\Users\Uday\.m2\repository\org\hamcrest\hamcrest-core\1.1\hamcrest-core-1.1.jar;C:\Users\Uday\.m2\repository\org\mule\mule-core\3.5.0\mule-core-3.5.0-tests.jar;C:\Users\Uday\.m2\repository\org\mule\modules\mule-module-scripting\3.5.0\mule-module-scripting-3.5.0.jar;C:\Users\Uday\.m2\repository\org\livetribe\livetribe-jsr223\2.0.5\livetribe-jsr223-2.0.5.jar;C:\Users\Uday\.m2\repository\org\codehaus\groovy\groovy-all\1.8.6\groovy-all-1.8.6.jar;C:\Users\Uday\.m2\repository\org\mule\tests\mule-tests-functional\3.5.0\mule-tests-functional-3.5.0.jar;C:\Users\Uday\.m2\repository\org\springframework\spring-beans\3.2.1.RELEASE\spring-beans-3.2.1.RELEASE.jar;C:\Users\Uday\.m2\repository\commons-net\commons-net\2.0\commons-net-2.0.jar;C:\Users\Uday\.m2\repository\org\apache\ftpserver\ftpserver-core\1.0.2\ftpserver-core-1.0.2.jar;C:\Users\Uday\.m2\repository\org\apache\mina\mina-core\2.0.0-M6\mina-core-2.0.0-M6.jar;C:\Users\Uday\.m2\repository\org\apache\ftpserver\ftplet-api\1.0.2\ftplet-api-1.0.2.jar;C:\Users\Uday\.m2\repository\org\apache\sshd\sshd-core\0.6.0\sshd-core-0.6.0.jar;C:\Users\Uday\.m2\repository\org\bouncycastle\bcprov-jdk16\1.46\bcprov-jdk16-1.46.jar;C:\Users\Uday\.m2\repository\commons-dbutils\commons-dbutils\1.2\commons-dbutils-1.2.jar;C:\Users\Uday\.m2\repository\org\mockito\mockito-all\1.9.0\mockito-all-1.9.0.jar;"/>
    <property name="java.specification.name" value="Java Platform API Specification"/>
    <property name="java.class.version" value="51.0"/>
    <property name="sun.management.compiler" value="HotSpot 64-Bit Tiered Compilers"/>
    <property name="os.version" value="6.1"/>
    <property name="user.home" value="C:\Users\Uday"/>
    <property name="user.timezone" value="Asia/Calcutta"/>
    <property name="java.awt.printerjob" value="sun.awt.windows.WPrinterJob"/>
    <property name="java.specification.version" value="1.7"/>
    <property name="file.encoding" value="Cp1252"/>
    <property name="user.name" value="Uday"/>
    <property name="java.class.path" value="E:\AppCyclopedia\MuleESB\Installation Guide-MuleESB\mule-example\mule-example\target\test-classes;E:\AppCyclopedia\MuleESB\Installation Guide-MuleESB\mule-example\mule-example\target\classes;C:\Users\Uday\.m2\repository\org\mule\mule-core\3.5.0\mule-core-3.5.0.jar;C:\Users\Uday\.m2\repository\commons-beanutils\commons-beanutils\1.8.0\commons-beanutils-1.8.0.jar;C:\Users\Uday\.m2\repository\com\github\stephenc\eaio-uuid\uuid\3.4.0\uuid-3.4.0.jar;C:\Users\Uday\.m2\repository\com\github\stephenc\eaio-grabbag\grabbag\1.8.1\grabbag-1.8.1.jar;C:\Users\Uday\.m2\repository\commons-cli\commons-cli\1.2\commons-cli-1.2.jar;C:\Users\Uday\.m2\repository\commons-collections\commons-collections\3.2.1\commons-collections-3.2.1.jar;C:\Users\Uday\.m2\repository\commons-io\commons-io\1.4\commons-io-1.4.jar;C:\Users\Uday\.m2\repository\commons-lang\commons-lang\2.4\commons-lang-2.4.jar;C:\Users\Uday\.m2\repository\commons-pool\commons-pool\1.6\commons-pool-1.6.jar;C:\Users\Uday\.m2\repository\org\apache\geronimo\specs\geronimo-jta_1.1_spec\1.1.1\geronimo-jta_1.1_spec-1.1.1.jar;C:\Users\Uday\.m2\repository\org\apache\geronimo\specs\geronimo-j2ee-connector_1.5_spec\1.1\geronimo-j2ee-connector_1.5_spec-1.1.jar;C:\Users\Uday\.m2\repository\javax\annotation\jsr250-api\1.0\jsr250-api-1.0.jar;C:\Users\Uday\.m2\repository\org\slf4j\jcl-over-slf4j\1.6.1\jcl-over-slf4j-1.6.1.jar;C:\Users\Uday\.m2\repository\org\slf4j\slf4j-api\1.6.1\slf4j-api-1.6.1.jar;C:\Users\Uday\.m2\repository\org\slf4j\slf4j-log4j12\1.6.1\slf4j-log4j12-1.6.1.jar;C:\Users\Uday\.m2\repository\log4j\log4j\1.2.16\log4j-1.2.16.jar;C:\Users\Uday\.m2\repository\asm\asm\3.1\asm-3.1.jar;C:\Users\Uday\.m2\repository\asm\asm-commons\3.1\asm-commons-3.1.jar;C:\Users\Uday\.m2\repository\asm\asm-tree\3.1\asm-tree-3.1.jar;C:\Users\Uday\.m2\repository\org\mule\mvel\mule-mvel2\2.1.9-MULE-003\mule-mvel2-2.1.9-MULE-003.jar;C:\Users\Uday\.m2\repository\org\jgrapht\jgrapht-jdk1.5\0.7.3\jgrapht-jdk1.5-0.7.3.jar;C:\Users\Uday\.m2\repository\org\mule\common\mule-common\3.5.0\mule-common-3.5.0.jar;C:\Users\Uday\.m2\repository\org\apache\xmlbeans\xmlbeans\2.3.0\xmlbeans-2.3.0.jar;C:\Users\Uday\.m2\repository\javax\xml\stream\stax-api\1.0-2\stax-api-1.0-2.jar;C:\Users\Uday\.m2\repository\org\antlr\antlr-runtime\3.5\antlr-runtime-3.5.jar;C:\Users\Uday\.m2\repository\org\antlr\stringtemplate\3.2.1\stringtemplate-3.2.1.jar;C:\Users\Uday\.m2\repository\com\google\guava\guava\16.0.1\guava-16.0.1.jar;C:\Users\Uday\.m2\repository\org\mule\modules\mule-module-spring-config\3.5.0\mule-module-spring-config-3.5.0.jar;C:\Users\Uday\.m2\repository\org\mule\modules\mule-module-annotations\3.5.0\mule-module-annotations-3.5.0.jar;C:\Users\Uday\.m2\repository\cglib\cglib-nodep\2.2\cglib-nodep-2.2.jar;C:\Users\Uday\.m2\repository\org\springframework\spring-context\3.2.1.RELEASE\spring-context-3.2.1.RELEASE.jar;C:\Users\Uday\.m2\repository\org\springframework\spring-expression\3.2.1.RELEASE\spring-expression-3.2.1.RELEASE.jar;C:\Users\Uday\.m2\repository\org\springframework\spring-core\3.2.1.RELEASE\spring-core-3.2.1.RELEASE.jar;C:\Users\Uday\.m2\repository\dom4j\dom4j\1.6.1\dom4j-1.6.1.jar;C:\Users\Uday\.m2\repository\jaxen\jaxen\1.1.1\jaxen-1.1.1.jar;C:\Users\Uday\.m2\repository\org\mule\modules\mule-module-spring-extras\3.5.0\mule-module-spring-extras-3.5.0.jar;C:\Users\Uday\.m2\repository\org\springframework\spring-aop\3.2.1.RELEASE\spring-aop-3.2.1.RELEASE.jar;C:\Users\Uday\.m2\repository\aopalliance\aopalliance\1.0\aopalliance-1.0.jar;C:\Users\Uday\.m2\repository\org\springframework\spring-jdbc\3.2.1.RELEASE\spring-jdbc-3.2.1.RELEASE.jar;C:\Users\Uday\.m2\repository\org\springframework\spring-tx\3.2.1.RELEASE\spring-tx-3.2.1.RELEASE.jar;C:\Users\Uday\.m2\repository\org\springframework\spring-jms\3.2.1.RELEASE\spring-jms-3.2.1.RELEASE.jar;C:\Users\Uday\.m2\repository\org\springframework\spring-web\3.2.1.RELEASE\spring-web-3.2.1.RELEASE.jar;C:\Users\Uday\.m2\repository\org\mule\modules\mule-module-builders\3.5.0\mule-module-builders-3.5.0.jar;C:\Users\Uday\.m2\repository\org\mule\modules\mule-module-management\3.5.0\mule-module-management-3.5.0.jar;C:\Users\Uday\.m2\repository\mx4j\mx4j-jmx\2.1.1\mx4j-jmx-2.1.1.jar;C:\Users\Uday\.m2\repository\mx4j\mx4j-impl\2.1.1\mx4j-impl-2.1.1.jar;C:\Users\Uday\.m2\repository\mx4j\mx4j-tools\2.1.1\mx4j-tools-2.1.1.jar;C:\Users\Uday\.m2\repository\mx4j\mx4j-remote\2.1.1\mx4j-remote-2.1.1.jar;C:\Users\Uday\.m2\repository\com\yourkit\yjp-controller-api-redist\9.0.8\yjp-controller-api-redist-9.0.8.jar;C:\Users\Uday\.m2\repository\tanukisoft\wrapper\3.2.3\wrapper-3.2.3.jar;C:\Users\Uday\.m2\repository\org\springframework\spring-context-support\3.2.1.RELEASE\spring-context-support-3.2.1.RELEASE.jar;C:\Users\Uday\.m2\repository\org\apache\geronimo\specs\geronimo-jms_1.1_spec\1.1\geronimo-jms_1.1_spec-1.1.jar;C:\Users\Uday\.m2\repository\org\mule\transports\mule-transport-vm\3.5.0\mule-transport-vm-3.5.0.jar;C:\Users\Uday\.m2\repository\org\mule\modules\mule-module-xml\3.5.0\mule-module-xml-3.5.0.jar;C:\Users\Uday\.m2\repository\org\apache\geronimo\specs\geronimo-stax-api_1.0_spec\1.0.1\geronimo-stax-api_1.0_spec-1.0.1.jar;C:\Users\Uday\.m2\repository\commons-jxpath\commons-jxpath\1.3\commons-jxpath-1.3.jar;C:\Users\Uday\.m2\repository\com\thoughtworks\xstream\xstream\1.4.2\xstream-1.4.2.jar;C:\Users\Uday\.m2\repository\xmlpull\xmlpull\1.1.3.1\xmlpull-1.1.3.1.jar;C:\Users\Uday\.m2\repository\xpp3\xpp3_min\1.1.3.4.O\xpp3_min-1.1.3.4.O.jar;C:\Users\Uday\.m2\repository\org\codehaus\woodstox\woodstox-core-asl\4.1.4\woodstox-core-asl-4.1.4.jar;C:\Users\Uday\.m2\repository\org\codehaus\woodstox\stax2-api\3.1.1\stax2-api-3.1.1.jar;C:\Users\Uday\.m2\repository\net\java\dev\stax-utils\stax-utils\20080702\stax-utils-20080702.jar;C:\Users\Uday\.m2\repository\net\sourceforge\saxon\saxon\9.1.0.8\saxon-9.1.0.8.jar;C:\Users\Uday\.m2\repository\net\sourceforge\saxon\saxon\9.1.0.8\saxon-9.1.0.8-dom.jar;C:\Users\Uday\.m2\repository\net\sourceforge\saxon\saxon\9.1.0.8\saxon-9.1.0.8-xqj.jar;C:\Users\Uday\.m2\repository\javax\xml\bind\jaxb-api\2.1\jaxb-api-2.1.jar;C:\Users\Uday\.m2\repository\com\sun\xml\bind\jaxb-impl\2.1.5\jaxb-impl-2.1.5.jar;C:\Users\Uday\.m2\repository\org\mule\transports\mule-transport-http\3.5.0\mule-transport-http-3.5.0.jar;C:\Users\Uday\.m2\repository\org\mule\transports\mule-transport-ssl\3.5.0\mule-transport-ssl-3.5.0.jar;C:\Users\Uday\.m2\repository\org\mule\transports\mule-transport-tcp\3.5.0\mule-transport-tcp-3.5.0.jar;C:\Users\Uday\.m2\repository\commons-codec\commons-codec\1.3\commons-codec-1.3.jar;C:\Users\Uday\.m2\repository\commons-httpclient\commons-httpclient\3.1\commons-httpclient-3.1.jar;C:\Users\Uday\.m2\repository\tomcat\tomcat-util\5.5.23\tomcat-util-5.5.23.jar;C:\Users\Uday\.m2\repository\tomcat\tomcat-apr\5.5.23\tomcat-apr-5.5.23.jar;C:\Users\Uday\.m2\repository\org\samba\jcifs\jcifs\1.3.3\jcifs-1.3.3.jar;C:\Users\Uday\.m2\repository\joda-time\joda-time\1.6\joda-time-1.6.jar;C:\Users\Uday\.m2\repository\junit\junit\4.9\junit-4.9.jar;C:\Users\Uday\.m2\repository\org\hamcrest\hamcrest-core\1.1\hamcrest-core-1.1.jar;C:\Users\Uday\.m2\repository\org\mule\mule-core\3.5.0\mule-core-3.5.0-tests.jar;C:\Users\Uday\.m2\repository\org\mule\modules\mule-module-scripting\3.5.0\mule-module-scripting-3.5.0.jar;C:\Users\Uday\.m2\repository\org\livetribe\livetribe-jsr223\2.0.5\livetribe-jsr223-2.0.5.jar;C:\Users\Uday\.m2\repository\org\codehaus\groovy\groovy-all\1.8.6\groovy-all-1.8.6.jar;C:\Users\Uday\.m2\repository\org\mule\tests\mule-tests-functional\3.5.0\mule-tests-functional-3.5.0.jar;C:\Users\Uday\.m2\repository\org\springframework\spring-beans\3.2.1.RELEASE\spring-beans-3.2.1.RELEASE.jar;C:\Users\Uday\.m2\repository\commons-net\commons-net\2.0\commons-net-2.0.jar;C:\Users\Uday\.m2\repository\org\apache\ftpserver\ftpserver-core\1.0.2\ftpserver-core-1.0.2.jar;C:\Users\Uday\.m2\repository\org\apache\mina\mina-core\2.0.0-M6\mina-core-2.0.0-M6.jar;C:\Users\Uday\.m2\repository\org\apache\ftpserver\ftplet-api\1.0.2\ftplet-api-1.0.2.jar;C:\Users\Uday\.m2\repository\org\apache\sshd\sshd-core\0.6.0\sshd-core-0.6.0.jar;C:\Users\Uday\.m2\repository\org\bouncycastle\bcprov-jdk16\1.46\bcprov-jdk16-1.46.jar;C:\Users\Uday\.m2\repository\commons-dbutils\commons-dbutils\1.2\commons-dbutils-1.2.jar;C:\Users\Uday\.m2\repository\org\mockito\mockito-all\1.9.0\mockito-all-1.9.0.jar;"/>
    <property name="java.vm.specification.version" value="1.7"/>
    <property name="sun.arch.data.model" value="64"/>
    <property name="java.home" value="C:\Program Files\Java\jre7"/>
    <property name="sun.java.command" value="C:\Users\Uday\AppData\Local\Temp\surefirebooter8221519415669442794.jar C:\Users\Uday\AppData\Local\Temp\surefire4967620426199189972tmp C:\Users\Uday\AppData\Local\Temp\surefire2354400831559919085tmp"/>
    <property name="java.specification.vendor" value="Oracle Corporation"/>
    <property name="user.language" value="en"/>
    <property name="awt.toolkit" value="sun.awt.windows.WToolkit"/>
    <property name="java.vm.info" value="mixed mode"/>
    <property name="java.version" value="1.7.0_25"/>
    <property name="java.ext.dirs" value="C:\Program Files\Java\jre7\lib\ext;C:\Windows\Sun\Java\lib\ext"/>
    <property name="sun.boot.class.path" value="C:\Program Files\Java\jre7\lib\resources.jar;C:\Program Files\Java\jre7\lib\rt.jar;C:\Program Files\Java\jre7\lib\sunrsasign.jar;C:\Program Files\Java\jre7\lib\jsse.jar;C:\Program Files\Java\jre7\lib\jce.jar;C:\Program Files\Java\jre7\lib\charsets.jar;C:\Program Files\Java\jre7\lib\jfr.jar;C:\Program Files\Java\jre7\classes"/>
    <property name="java.vendor" value="Oracle Corporation"/>
    <property name="localRepository" value="C:\Users\Uday\.m2\repository"/>
    <property name="file.separator" value="\"/>
    <property name="java.vendor.url.bug" value="http://bugreport.sun.com/bugreport/"/>
    <property name="sun.cpu.endian" value="little"/>
    <property name="sun.io.unicode.encoding" value="UnicodeLittle"/>
    <property name="sun.desktop" value="windows"/>
    <property name="sun.cpu.isalist" value="amd64"/>
  </properties>
  <testcase time="0.023" classname="org.mule.example.test.HelloSampleTestCase" name="testChitChatter"/>
  <testcase time="0.021" classname="org.mule.example.test.HelloSampleTestCase" name="testStringToNameTransformer"/>
  <testcase time="0.002" classname="org.mule.example.test.HelloSampleTestCase" name="testStdinToNameTransformer"/>
  <testcase time="0.001" classname="org.mule.example.test.HelloSampleTestCase" name="testNameToChatTransformer"/>
  <testcase time="0.002" classname="org.mule.example.test.HelloSampleTestCase" name="testHttpRequestToNameTransformer"/>
  <testcase time="0.001" classname="org.mule.example.test.HelloSampleTestCase" name="testHttpRequestToNameStreamingTransformer"/>
  <testcase time="1.022" classname="org.mule.example.test.HelloSampleTestCase" name="testGreeter"/>
</testsuite>